13:33:50.777 [main] DEBUG io.netty.channel.nio.NioEventLoop - -Dio.netty.selectorAutoRebuildThreshold: 512
13:33:51.002 [main] TRACE io.netty.channel.nio.NioEventLoop - instrumented a special java.util.Set into: sun.nio.ch.WindowsSelectorImpl@6fa34d52
13:33:51.009 [main] TRACE io.netty.channel.nio.NioEventLoop - instrumented a special java.util.Set into: sun.nio.ch.WindowsSelectorImpl@67b9b51a
13:33:51.011 [main] TRACE io.netty.channel.nio.NioEventLoop - instrumented a special java.util.Set into: sun.nio.ch.WindowsSelectorImpl@1205bd62
13:33:51.015 [main] TRACE io.netty.channel.nio.NioEventLoop - instrumented a special java.util.Set into: sun.nio.ch.WindowsSelectorImpl@7ef27d7f
13:33:51.026 [main] TRACE io.netty.channel.nio.NioEventLoop - instrumented a special java.util.Set into: sun.nio.ch.WindowsSelectorImpl@490caf5f
13:33:51.028 [main] TRACE io.netty.channel.nio.NioEventLoop - instrumented a special java.util.Set into: sun.nio.ch.WindowsSelectorImpl@6337c201
13:33:51.041 [main] TRACE io.netty.channel.nio.NioEventLoop - instrumented a special java.util.Set into: sun.nio.ch.WindowsSelectorImpl@5c669da8
13:33:51.046 [main] TRACE io.netty.channel.nio.NioEventLoop - instrumented a special java.util.Set into: sun.nio.ch.WindowsSelectorImpl@31920ade
13:33:51.166 [main] DEBUG io.netty.buffer.PooledByteBufAllocator - -Dio.netty.allocator.numHeapArenas: 8
13:33:51.167 [main] DEBUG io.netty.buffer.PooledByteBufAllocator - -Dio.netty.allocator.numDirectArenas: 8
13:33:51.170 [main] DEBUG io.netty.buffer.PooledByteBufAllocator - -Dio.netty.allocator.pageSize: 8192
13:33:51.172 [main] DEBUG io.netty.buffer.PooledByteBufAllocator - -Dio.netty.allocator.maxOrder: 11
13:33:51.173 [main] DEBUG io.netty.buffer.PooledByteBufAllocator - -Dio.netty.allocator.chunkSize: 16777216
13:33:51.174 [main] DEBUG io.netty.buffer.PooledByteBufAllocator - -Dio.netty.allocator.smallCacheSize: 256
13:33:51.184 [main] DEBUG io.netty.buffer.PooledByteBufAllocator - -Dio.netty.allocator.normalCacheSize: 64
13:33:51.191 [main] DEBUG io.netty.buffer.PooledByteBufAllocator - -Dio.netty.allocator.maxCachedBufferCapacity: 32768
13:33:51.193 [main] DEBUG io.netty.buffer.PooledByteBufAllocator - -Dio.netty.allocator.cacheTrimInterval: 8192
13:33:51.194 [main] DEBUG io.netty.buffer.PooledByteBufAllocator - -Dio.netty.allocator.cacheTrimIntervalMillis: 0
13:33:51.195 [main] DEBUG io.netty.buffer.PooledByteBufAllocator - -Dio.netty.allocator.useCacheForAllThreads: true
13:33:51.196 [main] DEBUG io.netty.buffer.PooledByteBufAllocator - -Dio.netty.allocator.maxCachedByteBuffersPerChunk: 1023
13:33:51.271 [main] DEBUG io.netty.buffer.ByteBufUtil - -Dio.netty.allocator.type: pooled
13:33:51.271 [main] DEBUG io.netty.buffer.ByteBufUtil - -Dio.netty.threadLocalDirectBufferSize: 0
13:33:51.272 [main] DEBUG io.netty.buffer.ByteBufUtil - -Dio.netty.maxThreadLocalCharBufferSize: 16384
13:33:53.904 [Forwarding newSession on session null to remote] DEBUG io.netty.channel.DefaultChannelId - -Dio.netty.processId: 8560 (auto-detected)
13:33:53.935 [Forwarding newSession on session null to remote] DEBUG io.netty.util.NetUtil - -Djava.net.preferIPv4Stack: false
13:33:53.935 [Forwarding newSession on session null to remote] DEBUG io.netty.util.NetUtil - -Djava.net.preferIPv6Addresses: false
13:33:54.593 [Forwarding newSession on session null to remote] DEBUG io.netty.util.NetUtilInitializations - Loopback interface: lo (Software Loopback Interface 1, 127.0.0.1)
13:33:54.601 [Forwarding newSession on session null to remote] DEBUG io.netty.util.NetUtil - Failed to get SOMAXCONN from sysctl and file \proc\sys\net\core\somaxconn. Default: 200
13:33:55.347 [Forwarding newSession on session null to remote] DEBUG io.netty.channel.DefaultChannelId - -Dio.netty.machineId: b0:c0:90:ff:fe:c7:1a:54 (auto-detected)
13:33:55.857 [AsyncHttpClient-1-2] DEBUG io.netty.buffer.AbstractByteBuf - -Dio.netty.buffer.checkAccessible: true
13:33:55.859 [AsyncHttpClient-1-2] DEBUG io.netty.buffer.AbstractByteBuf - -Dio.netty.buffer.checkBounds: true
13:33:55.860 [AsyncHttpClient-1-2] DEBUG io.netty.util.ResourceLeakDetectorFactory - Loaded default ResourceLeakDetector: io.netty.util.ResourceLeakDetector@13a2e23
13:33:56.101 [AsyncHttpClient-1-2] DEBUG io.netty.util.Recycler - -Dio.netty.recycler.maxCapacityPerThread: 4096
13:33:56.110 [AsyncHttpClient-1-2] DEBUG io.netty.util.Recycler - -Dio.netty.recycler.maxSharedCapacityFactor: 2
13:33:56.111 [AsyncHttpClient-1-2] DEBUG io.netty.util.Recycler - -Dio.netty.recycler.linkCapacity: 16
13:33:56.112 [AsyncHttpClient-1-2] DEBUG io.netty.util.Recycler - -Dio.netty.recycler.ratio: 8
13:33:56.113 [AsyncHttpClient-1-2] DEBUG io.netty.util.Recycler - -Dio.netty.recycler.delayedQueue.ratio: 8
13:34:15.686 [AsyncHttpClient-1-2] DEBUG io.netty.buffer.PoolThreadCache - Freed 4 thread-local buffer(s) from thread: AsyncHttpClient-1-2
13:34:42.215 [main] DEBUG io.netty.util.internal.logging.InternalLoggerFactory - Using Log4J2 as the default logging framework
13:34:42.257 [main] DEBUG io.netty.util.ResourceLeakDetector - -Dio.netty.leakDetection.level: simple
13:34:42.258 [main] DEBUG io.netty.util.ResourceLeakDetector - -Dio.netty.leakDetection.targetRecords: 4
13:34:42.277 [main] DEBUG io.netty.util.ResourceLeakDetectorFactory - Loaded default ResourceLeakDetector: io.netty.util.ResourceLeakDetector@1e5f4170
13:34:42.406 [main] DEBUG io.netty.util.internal.PlatformDependent - Platform: Windows
13:34:42.415 [main] DEBUG io.netty.util.internal.PlatformDependent0 - -Dio.netty.noUnsafe: false
13:34:42.416 [main] DEBUG io.netty.util.internal.PlatformDependent0 - Java version: 8
13:34:42.422 [main] DEBUG io.netty.util.internal.PlatformDependent0 - sun.misc.Unsafe.theUnsafe: available
13:34:42.425 [main] DEBUG io.netty.util.internal.PlatformDependent0 - sun.misc.Unsafe.copyMemory: available
13:34:42.430 [main] DEBUG io.netty.util.internal.PlatformDependent0 - java.nio.Buffer.address: available
13:34:42.436 [main] DEBUG io.netty.util.internal.PlatformDependent0 - direct buffer constructor: available
13:34:42.440 [main] DEBUG io.netty.util.internal.PlatformDependent0 - java.nio.Bits.unaligned: available, true
13:34:42.441 [main] DEBUG io.netty.util.internal.PlatformDependent0 - jdk.internal.misc.Unsafe.allocateUninitializedArray(int): unavailable prior to Java9
13:34:42.441 [main] DEBUG io.netty.util.internal.PlatformDependent0 - java.nio.DirectByteBuffer.<init>(long, int): available
13:34:42.443 [main] DEBUG io.netty.util.internal.PlatformDependent - sun.misc.Unsafe: available
13:34:42.447 [main] DEBUG io.netty.util.internal.PlatformDependent - -Dio.netty.tmpdir: C:\Users\Esha\AppData\Local\Temp (java.io.tmpdir)
13:34:42.450 [main] DEBUG io.netty.util.internal.PlatformDependent - -Dio.netty.bitMode: 64 (sun.arch.data.model)
13:34:42.462 [main] DEBUG io.netty.util.internal.PlatformDependent - -Dio.netty.maxDirectMemory: 1776812032 bytes
13:34:42.464 [main] DEBUG io.netty.util.internal.PlatformDependent - -Dio.netty.uninitializedArrayAllocationThreshold: -1
13:34:42.469 [main] DEBUG io.netty.util.internal.CleanerJava6 - java.nio.ByteBuffer.cleaner(): available
13:34:42.470 [main] DEBUG io.netty.util.internal.PlatformDependent - -Dio.netty.noPreferDirect: false
13:34:42.563 [main] DEBUG io.netty.util.internal.PlatformDependent - org.jctools-core.MpscChunkedArrayQueue: available
13:34:42.752 [main] DEBUG io.netty.util.internal.InternalThreadLocalMap - -Dio.netty.threadLocalMap.stringBuilder.initialSize: 1024
13:34:42.754 [main] DEBUG io.netty.util.internal.InternalThreadLocalMap - -Dio.netty.threadLocalMap.stringBuilder.maxSize: 4096
13:34:44.352 [main] DEBUG io.netty.handler.ssl.JdkSslContext - Default protocols (JDK): [TLSv1.2, TLSv1.1, TLSv1] 
13:34:44.355 [main] DEBUG io.netty.handler.ssl.JdkSslContext - Default cipher suites (JDK): [TLS_ECDHE_ECDSA_WITH_AES_256_GCM_SHA384, TLS_ECDHE_ECDSA_WITH_AES_128_GCM_SHA256, TLS_ECDHE_RSA_WITH_AES_128_GCM_SHA256, TLS_ECDHE_RSA_WITH_AES_256_GCM_SHA384, TLS_ECDHE_RSA_WITH_AES_128_CBC_SHA, TLS_ECDHE_RSA_WITH_AES_256_CBC_SHA, TLS_RSA_WITH_AES_128_GCM_SHA256, TLS_RSA_WITH_AES_128_CBC_SHA, TLS_RSA_WITH_AES_256_CBC_SHA]
13:34:44.510 [main] DEBUG io.netty.channel.MultithreadEventLoopGroup - -Dio.netty.eventLoopThreads: 8
13:34:44.562 [main] DEBUG io.netty.channel.nio.NioEventLoop - -Dio.netty.noKeySetOptimization: false
13:34:44.563 [main] DEBUG io.netty.channel.nio.NioEventLoop - -Dio.netty.selectorAutoRebuildThreshold: 512
13:34:44.730 [main] TRACE io.netty.channel.nio.NioEventLoop - instrumented a special java.util.Set into: sun.nio.ch.WindowsSelectorImpl@aa21042
13:34:44.735 [main] TRACE io.netty.channel.nio.NioEventLoop - instrumented a special java.util.Set into: sun.nio.ch.WindowsSelectorImpl@601cbd8c
13:34:44.743 [main] TRACE io.netty.channel.nio.NioEventLoop - instrumented a special java.util.Set into: sun.nio.ch.WindowsSelectorImpl@7180e701
13:34:44.747 [main] TRACE io.netty.channel.nio.NioEventLoop - instrumented a special java.util.Set into: sun.nio.ch.WindowsSelectorImpl@4e2c95ee
13:34:44.751 [main] TRACE io.netty.channel.nio.NioEventLoop - instrumented a special java.util.Set into: sun.nio.ch.WindowsSelectorImpl@d0ec63
13:34:44.754 [main] TRACE io.netty.channel.nio.NioEventLoop - instrumented a special java.util.Set into: sun.nio.ch.WindowsSelectorImpl@5a5c128
13:34:44.757 [main] TRACE io.netty.channel.nio.NioEventLoop - instrumented a special java.util.Set into: sun.nio.ch.WindowsSelectorImpl@73eb8672
13:34:44.761 [main] TRACE io.netty.channel.nio.NioEventLoop - instrumented a special java.util.Set into: sun.nio.ch.WindowsSelectorImpl@5942ee04
13:34:44.883 [main] DEBUG io.netty.buffer.PooledByteBufAllocator - -Dio.netty.allocator.numHeapArenas: 8
13:34:44.884 [main] DEBUG io.netty.buffer.PooledByteBufAllocator - -Dio.netty.allocator.numDirectArenas: 8
13:34:44.885 [main] DEBUG io.netty.buffer.PooledByteBufAllocator - -Dio.netty.allocator.pageSize: 8192
13:34:44.886 [main] DEBUG io.netty.buffer.PooledByteBufAllocator - -Dio.netty.allocator.maxOrder: 11
13:34:44.886 [main] DEBUG io.netty.buffer.PooledByteBufAllocator - -Dio.netty.allocator.chunkSize: 16777216
13:34:44.886 [main] DEBUG io.netty.buffer.PooledByteBufAllocator - -Dio.netty.allocator.smallCacheSize: 256
13:34:44.887 [main] DEBUG io.netty.buffer.PooledByteBufAllocator - -Dio.netty.allocator.normalCacheSize: 64
13:34:44.887 [main] DEBUG io.netty.buffer.PooledByteBufAllocator - -Dio.netty.allocator.maxCachedBufferCapacity: 32768
13:34:44.888 [main] DEBUG io.netty.buffer.PooledByteBufAllocator - -Dio.netty.allocator.cacheTrimInterval: 8192
13:34:44.889 [main] DEBUG io.netty.buffer.PooledByteBufAllocator - -Dio.netty.allocator.cacheTrimIntervalMillis: 0
13:34:44.890 [main] DEBUG io.netty.buffer.PooledByteBufAllocator - -Dio.netty.allocator.useCacheForAllThreads: true
13:34:44.891 [main] DEBUG io.netty.buffer.PooledByteBufAllocator - -Dio.netty.allocator.maxCachedByteBuffersPerChunk: 1023
13:34:44.950 [main] DEBUG io.netty.buffer.ByteBufUtil - -Dio.netty.allocator.type: pooled
13:34:44.953 [main] DEBUG io.netty.buffer.ByteBufUtil - -Dio.netty.threadLocalDirectBufferSize: 0
13:34:44.954 [main] DEBUG io.netty.buffer.ByteBufUtil - -Dio.netty.maxThreadLocalCharBufferSize: 16384
13:34:47.466 [Forwarding newSession on session null to remote] DEBUG io.netty.channel.DefaultChannelId - -Dio.netty.processId: 11768 (auto-detected)
13:34:47.475 [Forwarding newSession on session null to remote] DEBUG io.netty.util.NetUtil - -Djava.net.preferIPv4Stack: false
13:34:47.476 [Forwarding newSession on session null to remote] DEBUG io.netty.util.NetUtil - -Djava.net.preferIPv6Addresses: false
13:34:48.153 [Forwarding newSession on session null to remote] DEBUG io.netty.util.NetUtilInitializations - Loopback interface: lo (Software Loopback Interface 1, 127.0.0.1)
13:34:48.157 [Forwarding newSession on session null to remote] DEBUG io.netty.util.NetUtil - Failed to get SOMAXCONN from sysctl and file \proc\sys\net\core\somaxconn. Default: 200
13:34:48.904 [Forwarding newSession on session null to remote] DEBUG io.netty.channel.DefaultChannelId - -Dio.netty.machineId: b0:c0:90:ff:fe:c7:1a:54 (auto-detected)
13:34:49.275 [AsyncHttpClient-1-2] DEBUG io.netty.buffer.AbstractByteBuf - -Dio.netty.buffer.checkAccessible: true
13:34:49.277 [AsyncHttpClient-1-2] DEBUG io.netty.buffer.AbstractByteBuf - -Dio.netty.buffer.checkBounds: true
13:34:49.278 [AsyncHttpClient-1-2] DEBUG io.netty.util.ResourceLeakDetectorFactory - Loaded default ResourceLeakDetector: io.netty.util.ResourceLeakDetector@5907116c
13:34:49.450 [AsyncHttpClient-1-2] DEBUG io.netty.util.Recycler - -Dio.netty.recycler.maxCapacityPerThread: 4096
13:34:49.451 [AsyncHttpClient-1-2] DEBUG io.netty.util.Recycler - -Dio.netty.recycler.maxSharedCapacityFactor: 2
13:34:49.452 [AsyncHttpClient-1-2] DEBUG io.netty.util.Recycler - -Dio.netty.recycler.linkCapacity: 16
13:34:49.453 [AsyncHttpClient-1-2] DEBUG io.netty.util.Recycler - -Dio.netty.recycler.ratio: 8
13:34:49.453 [AsyncHttpClient-1-2] DEBUG io.netty.util.Recycler - -Dio.netty.recycler.delayedQueue.ratio: 8
13:34:57.038 [main] INFO  com.moneykeyuser.testCase.TC_VerifyCheckoutPage - Launched Chrome Browser
13:35:38.374 [AsyncHttpClient-1-2] DEBUG io.netty.buffer.PoolThreadCache - Freed 6 thread-local buffer(s) from thread: AsyncHttpClient-1-2
13:35:38.375 [AsyncHttpClient-1-7] DEBUG io.netty.buffer.PoolThreadCache - Freed 6 thread-local buffer(s) from thread: AsyncHttpClient-1-7
13:35:38.380 [AsyncHttpClient-1-3] DEBUG io.netty.buffer.PoolThreadCache - Freed 6 thread-local buffer(s) from thread: AsyncHttpClient-1-3
13:35:38.376 [AsyncHttpClient-1-6] DEBUG io.netty.buffer.PoolThreadCache - Freed 4 thread-local buffer(s) from thread: AsyncHttpClient-1-6
13:35:38.376 [AsyncHttpClient-1-5] DEBUG io.netty.buffer.PoolThreadCache - Freed 6 thread-local buffer(s) from thread: AsyncHttpClient-1-5
13:35:38.381 [AsyncHttpClient-1-9] DEBUG io.netty.buffer.PoolThreadCache - Freed 6 thread-local buffer(s) from thread: AsyncHttpClient-1-9
13:35:38.381 [AsyncHttpClient-1-8] DEBUG io.netty.buffer.PoolThreadCache - Freed 4 thread-local buffer(s) from thread: AsyncHttpClient-1-8
13:37:02.907 [main] DEBUG io.netty.util.internal.logging.InternalLoggerFactory - Using Log4J2 as the default logging framework
13:37:02.947 [main] DEBUG io.netty.util.ResourceLeakDetector - -Dio.netty.leakDetection.level: simple
13:37:02.947 [main] DEBUG io.netty.util.ResourceLeakDetector - -Dio.netty.leakDetection.targetRecords: 4
13:37:02.971 [main] DEBUG io.netty.util.ResourceLeakDetectorFactory - Loaded default ResourceLeakDetector: io.netty.util.ResourceLeakDetector@4b29d1d2
13:37:03.082 [main] DEBUG io.netty.util.internal.PlatformDependent - Platform: Windows
13:37:03.101 [main] DEBUG io.netty.util.internal.PlatformDependent0 - -Dio.netty.noUnsafe: false
13:37:03.102 [main] DEBUG io.netty.util.internal.PlatformDependent0 - Java version: 8
13:37:03.111 [main] DEBUG io.netty.util.internal.PlatformDependent0 - sun.misc.Unsafe.theUnsafe: available
13:37:03.115 [main] DEBUG io.netty.util.internal.PlatformDependent0 - sun.misc.Unsafe.copyMemory: available
13:37:03.117 [main] DEBUG io.netty.util.internal.PlatformDependent0 - java.nio.Buffer.address: available
13:37:03.120 [main] DEBUG io.netty.util.internal.PlatformDependent0 - direct buffer constructor: available
13:37:03.125 [main] DEBUG io.netty.util.internal.PlatformDependent0 - java.nio.Bits.unaligned: available, true
13:37:03.127 [main] DEBUG io.netty.util.internal.PlatformDependent0 - jdk.internal.misc.Unsafe.allocateUninitializedArray(int): unavailable prior to Java9
13:37:03.131 [main] DEBUG io.netty.util.internal.PlatformDependent0 - java.nio.DirectByteBuffer.<init>(long, int): available
13:37:03.132 [main] DEBUG io.netty.util.internal.PlatformDependent - sun.misc.Unsafe: available
13:37:03.134 [main] DEBUG io.netty.util.internal.PlatformDependent - -Dio.netty.tmpdir: C:\Users\Esha\AppData\Local\Temp (java.io.tmpdir)
13:37:03.134 [main] DEBUG io.netty.util.internal.PlatformDependent - -Dio.netty.bitMode: 64 (sun.arch.data.model)
13:37:03.145 [main] DEBUG io.netty.util.internal.PlatformDependent - -Dio.netty.maxDirectMemory: 1776812032 bytes
13:37:03.146 [main] DEBUG io.netty.util.internal.PlatformDependent - -Dio.netty.uninitializedArrayAllocationThreshold: -1
13:37:03.164 [main] DEBUG io.netty.util.internal.CleanerJava6 - java.nio.ByteBuffer.cleaner(): available
13:37:03.173 [main] DEBUG io.netty.util.internal.PlatformDependent - -Dio.netty.noPreferDirect: false
13:37:03.257 [main] DEBUG io.netty.util.internal.PlatformDependent - org.jctools-core.MpscChunkedArrayQueue: available
13:37:03.363 [main] DEBUG io.netty.util.internal.InternalThreadLocalMap - -Dio.netty.threadLocalMap.stringBuilder.initialSize: 1024
13:37:03.364 [main] DEBUG io.netty.util.internal.InternalThreadLocalMap - -Dio.netty.threadLocalMap.stringBuilder.maxSize: 4096
13:37:04.794 [main] DEBUG io.netty.handler.ssl.JdkSslContext - Default protocols (JDK): [TLSv1.2, TLSv1.1, TLSv1] 
13:37:04.794 [main] DEBUG io.netty.handler.ssl.JdkSslContext - Default cipher suites (JDK): [TLS_ECDHE_ECDSA_WITH_AES_256_GCM_SHA384, TLS_ECDHE_ECDSA_WITH_AES_128_GCM_SHA256, TLS_ECDHE_RSA_WITH_AES_128_GCM_SHA256, TLS_ECDHE_RSA_WITH_AES_256_GCM_SHA384, TLS_ECDHE_RSA_WITH_AES_128_CBC_SHA, TLS_ECDHE_RSA_WITH_AES_256_CBC_SHA, TLS_RSA_WITH_AES_128_GCM_SHA256, TLS_RSA_WITH_AES_128_CBC_SHA, TLS_RSA_WITH_AES_256_CBC_SHA]
13:37:04.948 [main] DEBUG io.netty.channel.MultithreadEventLoopGroup - -Dio.netty.eventLoopThreads: 8
13:37:04.987 [main] DEBUG io.netty.channel.nio.NioEventLoop - -Dio.netty.noKeySetOptimization: false
13:37:04.988 [main] DEBUG io.netty.channel.nio.NioEventLoop - -Dio.netty.selectorAutoRebuildThreshold: 512
13:37:05.023 [main] TRACE io.netty.channel.nio.NioEventLoop - instrumented a special java.util.Set into: sun.nio.ch.WindowsSelectorImpl@1ef6d34c
13:37:05.027 [main] TRACE io.netty.channel.nio.NioEventLoop - instrumented a special java.util.Set into: sun.nio.ch.WindowsSelectorImpl@7c51f34b
13:37:05.033 [main] TRACE io.netty.channel.nio.NioEventLoop - instrumented a special java.util.Set into: sun.nio.ch.WindowsSelectorImpl@5495333e
13:37:05.042 [main] TRACE io.netty.channel.nio.NioEventLoop - instrumented a special java.util.Set into: sun.nio.ch.WindowsSelectorImpl@2a225dd7
13:37:05.045 [main] TRACE io.netty.channel.nio.NioEventLoop - instrumented a special java.util.Set into: sun.nio.ch.WindowsSelectorImpl@61eaec38
13:37:05.047 [main] TRACE io.netty.channel.nio.NioEventLoop - instrumented a special java.util.Set into: sun.nio.ch.WindowsSelectorImpl@125290e5
13:37:05.051 [main] TRACE io.netty.channel.nio.NioEventLoop - instrumented a special java.util.Set into: sun.nio.ch.WindowsSelectorImpl@6fa34d52
13:37:05.056 [main] TRACE io.netty.channel.nio.NioEventLoop - instrumented a special java.util.Set into: sun.nio.ch.WindowsSelectorImpl@57576994
13:37:05.314 [main] DEBUG io.netty.buffer.PooledByteBufAllocator - -Dio.netty.allocator.numHeapArenas: 8
13:37:05.314 [main] DEBUG io.netty.buffer.PooledByteBufAllocator - -Dio.netty.allocator.numDirectArenas: 8
13:37:05.316 [main] DEBUG io.netty.buffer.PooledByteBufAllocator - -Dio.netty.allocator.pageSize: 8192
13:37:05.317 [main] DEBUG io.netty.buffer.PooledByteBufAllocator - -Dio.netty.allocator.maxOrder: 11
13:37:05.317 [main] DEBUG io.netty.buffer.PooledByteBufAllocator - -Dio.netty.allocator.chunkSize: 16777216
13:37:05.318 [main] DEBUG io.netty.buffer.PooledByteBufAllocator - -Dio.netty.allocator.smallCacheSize: 256
13:37:05.320 [main] DEBUG io.netty.buffer.PooledByteBufAllocator - -Dio.netty.allocator.normalCacheSize: 64
13:37:05.321 [main] DEBUG io.netty.buffer.PooledByteBufAllocator - -Dio.netty.allocator.maxCachedBufferCapacity: 32768
13:37:05.321 [main] DEBUG io.netty.buffer.PooledByteBufAllocator - -Dio.netty.allocator.cacheTrimInterval: 8192
13:37:05.322 [main] DEBUG io.netty.buffer.PooledByteBufAllocator - -Dio.netty.allocator.cacheTrimIntervalMillis: 0
13:37:05.322 [main] DEBUG io.netty.buffer.PooledByteBufAllocator - -Dio.netty.allocator.useCacheForAllThreads: true
13:37:05.323 [main] DEBUG io.netty.buffer.PooledByteBufAllocator - -Dio.netty.allocator.maxCachedByteBuffersPerChunk: 1023
13:37:05.394 [main] DEBUG io.netty.buffer.ByteBufUtil - -Dio.netty.allocator.type: pooled
13:37:05.395 [main] DEBUG io.netty.buffer.ByteBufUtil - -Dio.netty.threadLocalDirectBufferSize: 0
13:37:05.395 [main] DEBUG io.netty.buffer.ByteBufUtil - -Dio.netty.maxThreadLocalCharBufferSize: 16384
13:37:07.533 [Forwarding newSession on session null to remote] DEBUG io.netty.channel.DefaultChannelId - -Dio.netty.processId: 5712 (auto-detected)
13:37:07.543 [Forwarding newSession on session null to remote] DEBUG io.netty.util.NetUtil - -Djava.net.preferIPv4Stack: false
13:37:07.543 [Forwarding newSession on session null to remote] DEBUG io.netty.util.NetUtil - -Djava.net.preferIPv6Addresses: false
13:37:08.121 [Forwarding newSession on session null to remote] DEBUG io.netty.util.NetUtilInitializations - Loopback interface: lo (Software Loopback Interface 1, 127.0.0.1)
13:37:08.128 [Forwarding newSession on session null to remote] DEBUG io.netty.util.NetUtil - Failed to get SOMAXCONN from sysctl and file \proc\sys\net\core\somaxconn. Default: 200
13:37:08.774 [Forwarding newSession on session null to remote] DEBUG io.netty.channel.DefaultChannelId - -Dio.netty.machineId: b0:c0:90:ff:fe:c7:1a:54 (auto-detected)
13:37:09.149 [AsyncHttpClient-1-2] DEBUG io.netty.buffer.AbstractByteBuf - -Dio.netty.buffer.checkAccessible: true
13:37:09.151 [AsyncHttpClient-1-2] DEBUG io.netty.buffer.AbstractByteBuf - -Dio.netty.buffer.checkBounds: true
13:37:09.152 [AsyncHttpClient-1-2] DEBUG io.netty.util.ResourceLeakDetectorFactory - Loaded default ResourceLeakDetector: io.netty.util.ResourceLeakDetector@7bb83090
13:37:09.287 [AsyncHttpClient-1-2] DEBUG io.netty.util.Recycler - -Dio.netty.recycler.maxCapacityPerThread: 4096
13:37:09.287 [AsyncHttpClient-1-2] DEBUG io.netty.util.Recycler - -Dio.netty.recycler.maxSharedCapacityFactor: 2
13:37:09.288 [AsyncHttpClient-1-2] DEBUG io.netty.util.Recycler - -Dio.netty.recycler.linkCapacity: 16
13:37:09.288 [AsyncHttpClient-1-2] DEBUG io.netty.util.Recycler - -Dio.netty.recycler.ratio: 8
13:37:09.290 [AsyncHttpClient-1-2] DEBUG io.netty.util.Recycler - -Dio.netty.recycler.delayedQueue.ratio: 8
13:37:16.736 [main] INFO  com.moneykeyuser.testCase.TC_VerifyCheckoutPage - Launched Chrome Browser
13:38:05.540 [AsyncHttpClient-1-5] DEBUG io.netty.buffer.PoolThreadCache - Freed 8 thread-local buffer(s) from thread: AsyncHttpClient-1-5
13:38:05.540 [AsyncHttpClient-1-3] DEBUG io.netty.buffer.PoolThreadCache - Freed 8 thread-local buffer(s) from thread: AsyncHttpClient-1-3
13:38:05.540 [AsyncHttpClient-1-4] DEBUG io.netty.buffer.PoolThreadCache - Freed 6 thread-local buffer(s) from thread: AsyncHttpClient-1-4
13:38:05.542 [AsyncHttpClient-1-6] DEBUG io.netty.buffer.PoolThreadCache - Freed 6 thread-local buffer(s) from thread: AsyncHttpClient-1-6
13:38:05.542 [AsyncHttpClient-1-7] DEBUG io.netty.buffer.PoolThreadCache - Freed 8 thread-local buffer(s) from thread: AsyncHttpClient-1-7
13:52:21.861 [main] DEBUG io.netty.util.internal.logging.InternalLoggerFactory - Using Log4J2 as the default logging framework
13:52:21.881 [main] DEBUG io.netty.util.ResourceLeakDetector - -Dio.netty.leakDetection.level: simple
13:52:21.881 [main] DEBUG io.netty.util.ResourceLeakDetector - -Dio.netty.leakDetection.targetRecords: 4
13:52:21.897 [main] DEBUG io.netty.util.ResourceLeakDetectorFactory - Loaded default ResourceLeakDetector: io.netty.util.ResourceLeakDetector@72cc7e6f
13:52:21.960 [main] DEBUG io.netty.util.internal.PlatformDependent - Platform: Windows
13:52:21.975 [main] DEBUG io.netty.util.internal.PlatformDependent0 - -Dio.netty.noUnsafe: false
13:52:21.975 [main] DEBUG io.netty.util.internal.PlatformDependent0 - Java version: 8
13:52:21.975 [main] DEBUG io.netty.util.internal.PlatformDependent0 - sun.misc.Unsafe.theUnsafe: available
13:52:21.975 [main] DEBUG io.netty.util.internal.PlatformDependent0 - sun.misc.Unsafe.copyMemory: available
13:52:21.991 [main] DEBUG io.netty.util.internal.PlatformDependent0 - java.nio.Buffer.address: available
13:52:21.991 [main] DEBUG io.netty.util.internal.PlatformDependent0 - direct buffer constructor: available
13:52:21.991 [main] DEBUG io.netty.util.internal.PlatformDependent0 - java.nio.Bits.unaligned: available, true
13:52:21.991 [main] DEBUG io.netty.util.internal.PlatformDependent0 - jdk.internal.misc.Unsafe.allocateUninitializedArray(int): unavailable prior to Java9
13:52:21.991 [main] DEBUG io.netty.util.internal.PlatformDependent0 - java.nio.DirectByteBuffer.<init>(long, int): available
13:52:21.991 [main] DEBUG io.netty.util.internal.PlatformDependent - sun.misc.Unsafe: available
13:52:21.991 [main] DEBUG io.netty.util.internal.PlatformDependent - -Dio.netty.tmpdir: C:\Users\Esha\AppData\Local\Temp (java.io.tmpdir)
13:52:21.991 [main] DEBUG io.netty.util.internal.PlatformDependent - -Dio.netty.bitMode: 64 (sun.arch.data.model)
13:52:22.006 [main] DEBUG io.netty.util.internal.PlatformDependent - -Dio.netty.maxDirectMemory: 1776812032 bytes
13:52:22.006 [main] DEBUG io.netty.util.internal.PlatformDependent - -Dio.netty.uninitializedArrayAllocationThreshold: -1
13:52:22.006 [main] DEBUG io.netty.util.internal.CleanerJava6 - java.nio.ByteBuffer.cleaner(): available
13:52:22.006 [main] DEBUG io.netty.util.internal.PlatformDependent - -Dio.netty.noPreferDirect: false
13:52:22.038 [main] DEBUG io.netty.util.internal.PlatformDependent - org.jctools-core.MpscChunkedArrayQueue: available
13:52:22.100 [main] DEBUG io.netty.util.internal.InternalThreadLocalMap - -Dio.netty.threadLocalMap.stringBuilder.initialSize: 1024
13:52:22.100 [main] DEBUG io.netty.util.internal.InternalThreadLocalMap - -Dio.netty.threadLocalMap.stringBuilder.maxSize: 4096
13:52:22.871 [main] DEBUG io.netty.handler.ssl.JdkSslContext - Default protocols (JDK): [TLSv1.2, TLSv1.1, TLSv1] 
13:52:22.871 [main] DEBUG io.netty.handler.ssl.JdkSslContext - Default cipher suites (JDK): [TLS_ECDHE_ECDSA_WITH_AES_256_GCM_SHA384, TLS_ECDHE_ECDSA_WITH_AES_128_GCM_SHA256, TLS_ECDHE_RSA_WITH_AES_128_GCM_SHA256, TLS_ECDHE_RSA_WITH_AES_256_GCM_SHA384, TLS_ECDHE_RSA_WITH_AES_128_CBC_SHA, TLS_ECDHE_RSA_WITH_AES_256_CBC_SHA, TLS_RSA_WITH_AES_128_GCM_SHA256, TLS_RSA_WITH_AES_128_CBC_SHA, TLS_RSA_WITH_AES_256_CBC_SHA]
13:52:22.953 [main] DEBUG io.netty.channel.MultithreadEventLoopGroup - -Dio.netty.eventLoopThreads: 8
13:52:22.985 [main] DEBUG io.netty.channel.nio.NioEventLoop - -Dio.netty.noKeySetOptimization: false
13:52:22.985 [main] DEBUG io.netty.channel.nio.NioEventLoop - -Dio.netty.selectorAutoRebuildThreshold: 512
13:52:23.016 [main] TRACE io.netty.channel.nio.NioEventLoop - instrumented a special java.util.Set into: sun.nio.ch.WindowsSelectorImpl@616ac46a
13:52:23.016 [main] TRACE io.netty.channel.nio.NioEventLoop - instrumented a special java.util.Set into: sun.nio.ch.WindowsSelectorImpl@7ef27d7f
13:52:23.016 [main] TRACE io.netty.channel.nio.NioEventLoop - instrumented a special java.util.Set into: sun.nio.ch.WindowsSelectorImpl@490caf5f
13:52:23.016 [main] TRACE io.netty.channel.nio.NioEventLoop - instrumented a special java.util.Set into: sun.nio.ch.WindowsSelectorImpl@6337c201
13:52:23.016 [main] TRACE io.netty.channel.nio.NioEventLoop - instrumented a special java.util.Set into: sun.nio.ch.WindowsSelectorImpl@5c669da8
13:52:23.016 [main] TRACE io.netty.channel.nio.NioEventLoop - instrumented a special java.util.Set into: sun.nio.ch.WindowsSelectorImpl@31920ade
13:52:23.032 [main] TRACE io.netty.channel.nio.NioEventLoop - instrumented a special java.util.Set into: sun.nio.ch.WindowsSelectorImpl@1d483de4
13:52:23.032 [main] TRACE io.netty.channel.nio.NioEventLoop - instrumented a special java.util.Set into: sun.nio.ch.WindowsSelectorImpl@4032d386
13:52:23.157 [main] DEBUG io.netty.buffer.PooledByteBufAllocator - -Dio.netty.allocator.numHeapArenas: 8
13:52:23.157 [main] DEBUG io.netty.buffer.PooledByteBufAllocator - -Dio.netty.allocator.numDirectArenas: 8
13:52:23.157 [main] DEBUG io.netty.buffer.PooledByteBufAllocator - -Dio.netty.allocator.pageSize: 8192
13:52:23.157 [main] DEBUG io.netty.buffer.PooledByteBufAllocator - -Dio.netty.allocator.maxOrder: 11
13:52:23.157 [main] DEBUG io.netty.buffer.PooledByteBufAllocator - -Dio.netty.allocator.chunkSize: 16777216
13:52:23.157 [main] DEBUG io.netty.buffer.PooledByteBufAllocator - -Dio.netty.allocator.smallCacheSize: 256
13:52:23.157 [main] DEBUG io.netty.buffer.PooledByteBufAllocator - -Dio.netty.allocator.normalCacheSize: 64
13:52:23.157 [main] DEBUG io.netty.buffer.PooledByteBufAllocator - -Dio.netty.allocator.maxCachedBufferCapacity: 32768
13:52:23.157 [main] DEBUG io.netty.buffer.PooledByteBufAllocator - -Dio.netty.allocator.cacheTrimInterval: 8192
13:52:23.157 [main] DEBUG io.netty.buffer.PooledByteBufAllocator - -Dio.netty.allocator.cacheTrimIntervalMillis: 0
13:52:23.157 [main] DEBUG io.netty.buffer.PooledByteBufAllocator - -Dio.netty.allocator.useCacheForAllThreads: true
13:52:23.157 [main] DEBUG io.netty.buffer.PooledByteBufAllocator - -Dio.netty.allocator.maxCachedByteBuffersPerChunk: 1023
13:52:23.188 [main] DEBUG io.netty.buffer.ByteBufUtil - -Dio.netty.allocator.type: pooled
13:52:23.188 [main] DEBUG io.netty.buffer.ByteBufUtil - -Dio.netty.threadLocalDirectBufferSize: 0
13:52:23.188 [main] DEBUG io.netty.buffer.ByteBufUtil - -Dio.netty.maxThreadLocalCharBufferSize: 16384
13:52:24.533 [Forwarding newSession on session null to remote] DEBUG io.netty.channel.DefaultChannelId - -Dio.netty.processId: 12632 (auto-detected)
13:52:24.541 [Forwarding newSession on session null to remote] DEBUG io.netty.util.NetUtil - -Djava.net.preferIPv4Stack: false
13:52:24.541 [Forwarding newSession on session null to remote] DEBUG io.netty.util.NetUtil - -Djava.net.preferIPv6Addresses: false
13:52:24.846 [Forwarding newSession on session null to remote] DEBUG io.netty.util.NetUtilInitializations - Loopback interface: lo (Software Loopback Interface 1, 127.0.0.1)
13:52:24.846 [Forwarding newSession on session null to remote] DEBUG io.netty.util.NetUtil - Failed to get SOMAXCONN from sysctl and file \proc\sys\net\core\somaxconn. Default: 200
13:52:25.231 [Forwarding newSession on session null to remote] DEBUG io.netty.channel.DefaultChannelId - -Dio.netty.machineId: b0:c0:90:ff:fe:c7:1a:54 (auto-detected)
13:52:25.393 [AsyncHttpClient-1-2] DEBUG io.netty.buffer.AbstractByteBuf - -Dio.netty.buffer.checkAccessible: true
13:52:25.393 [AsyncHttpClient-1-2] DEBUG io.netty.buffer.AbstractByteBuf - -Dio.netty.buffer.checkBounds: true
13:52:25.393 [AsyncHttpClient-1-2] DEBUG io.netty.util.ResourceLeakDetectorFactory - Loaded default ResourceLeakDetector: io.netty.util.ResourceLeakDetector@77361a61
13:52:25.462 [AsyncHttpClient-1-2] DEBUG io.netty.util.Recycler - -Dio.netty.recycler.maxCapacityPerThread: 4096
13:52:25.462 [AsyncHttpClient-1-2] DEBUG io.netty.util.Recycler - -Dio.netty.recycler.maxSharedCapacityFactor: 2
13:52:25.462 [AsyncHttpClient-1-2] DEBUG io.netty.util.Recycler - -Dio.netty.recycler.linkCapacity: 16
13:52:25.462 [AsyncHttpClient-1-2] DEBUG io.netty.util.Recycler - -Dio.netty.recycler.ratio: 8
13:52:25.462 [AsyncHttpClient-1-2] DEBUG io.netty.util.Recycler - -Dio.netty.recycler.delayedQueue.ratio: 8
13:52:31.026 [main] INFO  com.moneykeyuser.testCase.TC_VerifyProductAddToCart - Launched Chrome Browser
13:52:38.577 [main] INFO  com.moneykeyuser.testCase.TC_VerifyProductAddToCart - Starting TC_VerifyProductAddToCart
13:52:38.642 [main] INFO  com.moneykeyuser.testCase.TC_VerifyProductAddToCart - Initialised Home Page
13:52:40.376 [main] INFO  com.moneykeyuser.testCase.TC_VerifyProductAddToCart - Clicked on Buy Product Link from Home Page
13:52:42.559 [main] INFO  com.moneykeyuser.testCase.TC_VerifyProductAddToCart - Clicked on a Product
13:52:42.656 [main] INFO  com.moneykeyuser.testCase.TC_VerifyProductAddToCart - Checked Product Price
13:52:42.992 [main] INFO  com.moneykeyuser.testCase.TC_VerifyProductAddToCart - Clicked on Add to Cart from Product Detail Page
13:52:44.015 [main] INFO  com.moneykeyuser.testCase.TC_VerifyProductAddToCart - Product is added to cart
13:52:46.237 [main] INFO  com.moneykeyuser.testCase.TC_VerifyProductAddToCart - The cart is updated
13:52:46.519 [main] INFO  com.moneykeyuser.testCase.TC_VerifyProductAddToCart - The Subtotal is calulated properly with increase in product count in the Cart Page 
13:52:46.520 [main] INFO  com.moneykeyuser.testCase.TC_VerifyProductAddToCart - finished executing TC_VerifyProductAddToCart
13:52:53.568 [main] INFO  com.moneykeyuser.testCase.TC_ViewDecComic - Launched Chrome Browser
13:53:01.075 [main] INFO  com.moneykeyuser.testCase.TC_ViewDecComic - Starting TC_ViewDecComic
13:53:01.076 [main] INFO  com.moneykeyuser.testCase.TC_ViewDecComic - Home Page initialised
13:53:04.498 [main] INFO  com.moneykeyuser.testCase.TC_ViewDecComic - Clicked Comic List Link from  Home Page
13:53:11.311 [main] INFO  com.moneykeyuser.testCase.TC_ViewDecComic - Opens the comics for December 4, 2018
13:53:11.433 [main] INFO  com.moneykeyuser.testCase.TC_ViewDecComic - Comic image is verified
13:53:12.256 [main] INFO  com.moneykeyuser.testCase.TC_ViewDecComic - The dev Link in the Comic Detail Page is Checked
13:53:13.228 [main] INFO  com.moneykeyuser.testCase.TC_ViewDecComic - Navigate back to the Comic Detail page
13:53:14.031 [main] INFO  com.moneykeyuser.testCase.TC_ViewDecComic - The Bugs Link in the Comic Detail Page is Checked
13:53:14.879 [main] INFO  com.moneykeyuser.testCase.TC_ViewDecComic - Navigate back to the Comic Detail page
13:53:15.855 [main] INFO  com.moneykeyuser.testCase.TC_ViewDecComic - The Table Link in the Comic Detail Page is Checked
13:53:16.773 [main] INFO  com.moneykeyuser.testCase.TC_ViewDecComic - Navigate back to the Comic Detail page
13:53:16.773 [main] INFO  com.moneykeyuser.testCase.TC_ViewDecComic - Finished executing TC_ViewDecComic
13:53:23.643 [main] INFO  com.moneykeyuser.testCase.TC_ViewRandomComic - Launched Chrome Browser
13:53:31.017 [main] INFO  com.moneykeyuser.testCase.TC_ViewRandomComic - Starting TC_ViewRandomComic
13:53:31.018 [main] INFO  com.moneykeyuser.testCase.TC_ViewRandomComic - Initialised Home Page
13:53:34.338 [main] INFO  com.moneykeyuser.testCase.TC_ViewRandomComic - Clicked on Comic List on the Home Page
13:53:36.797 [main] INFO  com.moneykeyuser.testCase.TC_ViewRandomComic - Clicked on a random comic
13:53:36.827 [main] INFO  com.moneykeyuser.testCase.TC_ViewRandomComic - Captured the title of a Comic Page
13:53:36.827 [main] INFO  com.moneykeyuser.testCase.TC_ViewRandomComic - Finished executing TC_ViewRandomComics
13:53:43.815 [main] INFO  com.moneykeyuser.testCase.TC_VerifyCheckoutPage - Launched Chrome Browser
13:54:10.617 [AsyncHttpClient-1-2] DEBUG io.netty.buffer.PoolThreadCache - Freed 15 thread-local buffer(s) from thread: AsyncHttpClient-1-2
13:54:10.617 [AsyncHttpClient-1-9] DEBUG io.netty.buffer.PoolThreadCache - Freed 15 thread-local buffer(s) from thread: AsyncHttpClient-1-9
13:54:10.617 [AsyncHttpClient-1-3] DEBUG io.netty.buffer.PoolThreadCache - Freed 19 thread-local buffer(s) from thread: AsyncHttpClient-1-3
13:54:10.617 [AsyncHttpClient-1-4] DEBUG io.netty.buffer.PoolThreadCache - Freed 10 thread-local buffer(s) from thread: AsyncHttpClient-1-4
13:54:10.617 [AsyncHttpClient-1-5] DEBUG io.netty.buffer.PoolThreadCache - Freed 14 thread-local buffer(s) from thread: AsyncHttpClient-1-5
13:59:15.612 [main] DEBUG io.netty.util.internal.logging.InternalLoggerFactory - Using Log4J2 as the default logging framework
13:59:15.637 [main] DEBUG io.netty.util.ResourceLeakDetector - -Dio.netty.leakDetection.level: simple
13:59:15.637 [main] DEBUG io.netty.util.ResourceLeakDetector - -Dio.netty.leakDetection.targetRecords: 4
13:59:15.652 [main] DEBUG io.netty.util.ResourceLeakDetectorFactory - Loaded default ResourceLeakDetector: io.netty.util.ResourceLeakDetector@72cc7e6f
13:59:15.699 [main] DEBUG io.netty.util.internal.PlatformDependent - Platform: Windows
13:59:15.715 [main] DEBUG io.netty.util.internal.PlatformDependent0 - -Dio.netty.noUnsafe: false
13:59:15.715 [main] DEBUG io.netty.util.internal.PlatformDependent0 - Java version: 8
13:59:15.715 [main] DEBUG io.netty.util.internal.PlatformDependent0 - sun.misc.Unsafe.theUnsafe: available
13:59:15.715 [main] DEBUG io.netty.util.internal.PlatformDependent0 - sun.misc.Unsafe.copyMemory: available
13:59:15.715 [main] DEBUG io.netty.util.internal.PlatformDependent0 - java.nio.Buffer.address: available
13:59:15.715 [main] DEBUG io.netty.util.internal.PlatformDependent0 - direct buffer constructor: available
13:59:15.730 [main] DEBUG io.netty.util.internal.PlatformDependent0 - java.nio.Bits.unaligned: available, true
13:59:15.730 [main] DEBUG io.netty.util.internal.PlatformDependent0 - jdk.internal.misc.Unsafe.allocateUninitializedArray(int): unavailable prior to Java9
13:59:15.730 [main] DEBUG io.netty.util.internal.PlatformDependent0 - java.nio.DirectByteBuffer.<init>(long, int): available
13:59:15.730 [main] DEBUG io.netty.util.internal.PlatformDependent - sun.misc.Unsafe: available
13:59:15.730 [main] DEBUG io.netty.util.internal.PlatformDependent - -Dio.netty.tmpdir: C:\Users\Esha\AppData\Local\Temp (java.io.tmpdir)
13:59:15.730 [main] DEBUG io.netty.util.internal.PlatformDependent - -Dio.netty.bitMode: 64 (sun.arch.data.model)
13:59:15.730 [main] DEBUG io.netty.util.internal.PlatformDependent - -Dio.netty.maxDirectMemory: 1776812032 bytes
13:59:15.730 [main] DEBUG io.netty.util.internal.PlatformDependent - -Dio.netty.uninitializedArrayAllocationThreshold: -1
13:59:15.730 [main] DEBUG io.netty.util.internal.CleanerJava6 - java.nio.ByteBuffer.cleaner(): available
13:59:15.730 [main] DEBUG io.netty.util.internal.PlatformDependent - -Dio.netty.noPreferDirect: false
13:59:15.762 [main] DEBUG io.netty.util.internal.PlatformDependent - org.jctools-core.MpscChunkedArrayQueue: available
13:59:15.824 [main] DEBUG io.netty.util.internal.InternalThreadLocalMap - -Dio.netty.threadLocalMap.stringBuilder.initialSize: 1024
13:59:15.824 [main] DEBUG io.netty.util.internal.InternalThreadLocalMap - -Dio.netty.threadLocalMap.stringBuilder.maxSize: 4096
13:59:16.554 [main] DEBUG io.netty.handler.ssl.JdkSslContext - Default protocols (JDK): [TLSv1.2, TLSv1.1, TLSv1] 
13:59:16.554 [main] DEBUG io.netty.handler.ssl.JdkSslContext - Default cipher suites (JDK): [TLS_ECDHE_ECDSA_WITH_AES_256_GCM_SHA384, TLS_ECDHE_ECDSA_WITH_AES_128_GCM_SHA256, TLS_ECDHE_RSA_WITH_AES_128_GCM_SHA256, TLS_ECDHE_RSA_WITH_AES_256_GCM_SHA384, TLS_ECDHE_RSA_WITH_AES_128_CBC_SHA, TLS_ECDHE_RSA_WITH_AES_256_CBC_SHA, TLS_RSA_WITH_AES_128_GCM_SHA256, TLS_RSA_WITH_AES_128_CBC_SHA, TLS_RSA_WITH_AES_256_CBC_SHA]
13:59:16.632 [main] DEBUG io.netty.channel.MultithreadEventLoopGroup - -Dio.netty.eventLoopThreads: 8
13:59:16.653 [main] DEBUG io.netty.channel.nio.NioEventLoop - -Dio.netty.noKeySetOptimization: false
13:59:16.653 [main] DEBUG io.netty.channel.nio.NioEventLoop - -Dio.netty.selectorAutoRebuildThreshold: 512
13:59:16.669 [main] TRACE io.netty.channel.nio.NioEventLoop - instrumented a special java.util.Set into: sun.nio.ch.WindowsSelectorImpl@616ac46a
13:59:16.684 [main] TRACE io.netty.channel.nio.NioEventLoop - instrumented a special java.util.Set into: sun.nio.ch.WindowsSelectorImpl@7ef27d7f
13:59:16.684 [main] TRACE io.netty.channel.nio.NioEventLoop - instrumented a special java.util.Set into: sun.nio.ch.WindowsSelectorImpl@490caf5f
13:59:16.684 [main] TRACE io.netty.channel.nio.NioEventLoop - instrumented a special java.util.Set into: sun.nio.ch.WindowsSelectorImpl@6337c201
13:59:16.684 [main] TRACE io.netty.channel.nio.NioEventLoop - instrumented a special java.util.Set into: sun.nio.ch.WindowsSelectorImpl@5c669da8
13:59:16.684 [main] TRACE io.netty.channel.nio.NioEventLoop - instrumented a special java.util.Set into: sun.nio.ch.WindowsSelectorImpl@31920ade
13:59:16.684 [main] TRACE io.netty.channel.nio.NioEventLoop - instrumented a special java.util.Set into: sun.nio.ch.WindowsSelectorImpl@1d483de4
13:59:16.684 [main] TRACE io.netty.channel.nio.NioEventLoop - instrumented a special java.util.Set into: sun.nio.ch.WindowsSelectorImpl@4032d386
13:59:16.814 [main] DEBUG io.netty.buffer.PooledByteBufAllocator - -Dio.netty.allocator.numHeapArenas: 8
13:59:16.814 [main] DEBUG io.netty.buffer.PooledByteBufAllocator - -Dio.netty.allocator.numDirectArenas: 8
13:59:16.814 [main] DEBUG io.netty.buffer.PooledByteBufAllocator - -Dio.netty.allocator.pageSize: 8192
13:59:16.814 [main] DEBUG io.netty.buffer.PooledByteBufAllocator - -Dio.netty.allocator.maxOrder: 11
13:59:16.814 [main] DEBUG io.netty.buffer.PooledByteBufAllocator - -Dio.netty.allocator.chunkSize: 16777216
13:59:16.814 [main] DEBUG io.netty.buffer.PooledByteBufAllocator - -Dio.netty.allocator.smallCacheSize: 256
13:59:16.814 [main] DEBUG io.netty.buffer.PooledByteBufAllocator - -Dio.netty.allocator.normalCacheSize: 64
13:59:16.814 [main] DEBUG io.netty.buffer.PooledByteBufAllocator - -Dio.netty.allocator.maxCachedBufferCapacity: 32768
13:59:16.814 [main] DEBUG io.netty.buffer.PooledByteBufAllocator - -Dio.netty.allocator.cacheTrimInterval: 8192
13:59:16.814 [main] DEBUG io.netty.buffer.PooledByteBufAllocator - -Dio.netty.allocator.cacheTrimIntervalMillis: 0
13:59:16.814 [main] DEBUG io.netty.buffer.PooledByteBufAllocator - -Dio.netty.allocator.useCacheForAllThreads: true
13:59:16.814 [main] DEBUG io.netty.buffer.PooledByteBufAllocator - -Dio.netty.allocator.maxCachedByteBuffersPerChunk: 1023
13:59:16.845 [main] DEBUG io.netty.buffer.ByteBufUtil - -Dio.netty.allocator.type: pooled
13:59:16.845 [main] DEBUG io.netty.buffer.ByteBufUtil - -Dio.netty.threadLocalDirectBufferSize: 0
13:59:16.845 [main] DEBUG io.netty.buffer.ByteBufUtil - -Dio.netty.maxThreadLocalCharBufferSize: 16384
13:59:18.122 [Forwarding newSession on session null to remote] DEBUG io.netty.channel.DefaultChannelId - -Dio.netty.processId: 10692 (auto-detected)
13:59:18.136 [Forwarding newSession on session null to remote] DEBUG io.netty.util.NetUtil - -Djava.net.preferIPv4Stack: false
13:59:18.136 [Forwarding newSession on session null to remote] DEBUG io.netty.util.NetUtil - -Djava.net.preferIPv6Addresses: false
13:59:18.485 [Forwarding newSession on session null to remote] DEBUG io.netty.util.NetUtilInitializations - Loopback interface: lo (Software Loopback Interface 1, 127.0.0.1)
13:59:18.485 [Forwarding newSession on session null to remote] DEBUG io.netty.util.NetUtil - Failed to get SOMAXCONN from sysctl and file \proc\sys\net\core\somaxconn. Default: 200
13:59:18.878 [Forwarding newSession on session null to remote] DEBUG io.netty.channel.DefaultChannelId - -Dio.netty.machineId: b0:c0:90:ff:fe:c7:1a:54 (auto-detected)
13:59:19.030 [AsyncHttpClient-1-2] DEBUG io.netty.buffer.AbstractByteBuf - -Dio.netty.buffer.checkAccessible: true
13:59:19.030 [AsyncHttpClient-1-2] DEBUG io.netty.buffer.AbstractByteBuf - -Dio.netty.buffer.checkBounds: true
13:59:19.030 [AsyncHttpClient-1-2] DEBUG io.netty.util.ResourceLeakDetectorFactory - Loaded default ResourceLeakDetector: io.netty.util.ResourceLeakDetector@77361a61
13:59:19.113 [AsyncHttpClient-1-2] DEBUG io.netty.util.Recycler - -Dio.netty.recycler.maxCapacityPerThread: 4096
13:59:19.113 [AsyncHttpClient-1-2] DEBUG io.netty.util.Recycler - -Dio.netty.recycler.maxSharedCapacityFactor: 2
13:59:19.113 [AsyncHttpClient-1-2] DEBUG io.netty.util.Recycler - -Dio.netty.recycler.linkCapacity: 16
13:59:19.113 [AsyncHttpClient-1-2] DEBUG io.netty.util.Recycler - -Dio.netty.recycler.ratio: 8
13:59:19.113 [AsyncHttpClient-1-2] DEBUG io.netty.util.Recycler - -Dio.netty.recycler.delayedQueue.ratio: 8
13:59:24.839 [main] INFO  com.moneykeyuser.testCase.TC_VerifyProductAddToCart - Launched Chrome Browser
13:59:32.091 [main] INFO  com.moneykeyuser.testCase.TC_VerifyProductAddToCart - Starting TC_VerifyProductAddToCart
13:59:32.147 [main] INFO  com.moneykeyuser.testCase.TC_VerifyProductAddToCart - Initialised Home Page
13:59:33.759 [main] INFO  com.moneykeyuser.testCase.TC_VerifyProductAddToCart - Clicked on Buy Product Link from Home Page
13:59:35.717 [main] INFO  com.moneykeyuser.testCase.TC_VerifyProductAddToCart - Clicked on a Product
13:59:35.833 [main] INFO  com.moneykeyuser.testCase.TC_VerifyProductAddToCart - Checked Product Price
13:59:36.179 [main] INFO  com.moneykeyuser.testCase.TC_VerifyProductAddToCart - Clicked on Add to Cart from Product Detail Page
13:59:37.203 [main] INFO  com.moneykeyuser.testCase.TC_VerifyProductAddToCart - Product is added to cart
13:59:44.192 [main] INFO  com.moneykeyuser.testCase.TC_VerifyProductAddToCart - The cart is updated
13:59:44.391 [main] INFO  com.moneykeyuser.testCase.TC_VerifyProductAddToCart - The Subtotal is calulated properly with increase in product count in the Cart Page 
13:59:44.392 [main] INFO  com.moneykeyuser.testCase.TC_VerifyProductAddToCart - finished executing TC_VerifyProductAddToCart
13:59:51.691 [main] INFO  com.moneykeyuser.testCase.TC_ViewDecComic - Launched Chrome Browser
13:59:58.941 [main] INFO  com.moneykeyuser.testCase.TC_ViewDecComic - Starting TC_ViewDecComic
13:59:58.943 [main] INFO  com.moneykeyuser.testCase.TC_ViewDecComic - Home Page initialised
14:00:02.454 [main] INFO  com.moneykeyuser.testCase.TC_ViewDecComic - Clicked Comic List Link from  Home Page
14:00:07.988 [main] INFO  com.moneykeyuser.testCase.TC_ViewDecComic - Opens the comics for December 4, 2018
14:00:08.109 [main] INFO  com.moneykeyuser.testCase.TC_ViewDecComic - Comic image is verified
14:00:09.029 [main] INFO  com.moneykeyuser.testCase.TC_ViewDecComic - The dev Link in the Comic Detail Page is Checked
14:00:09.934 [main] INFO  com.moneykeyuser.testCase.TC_ViewDecComic - Navigate back to the Comic Detail page
14:00:10.819 [main] INFO  com.moneykeyuser.testCase.TC_ViewDecComic - The Bugs Link in the Comic Detail Page is Checked
14:00:11.677 [main] INFO  com.moneykeyuser.testCase.TC_ViewDecComic - Navigate back to the Comic Detail page
14:00:12.562 [main] INFO  com.moneykeyuser.testCase.TC_ViewDecComic - The Table Link in the Comic Detail Page is Checked
14:00:13.489 [main] INFO  com.moneykeyuser.testCase.TC_ViewDecComic - Navigate back to the Comic Detail page
14:00:13.490 [main] INFO  com.moneykeyuser.testCase.TC_ViewDecComic - Finished executing TC_ViewDecComic
14:00:20.525 [main] INFO  com.moneykeyuser.testCase.TC_ViewRandomComic - Launched Chrome Browser
14:00:27.821 [main] INFO  com.moneykeyuser.testCase.TC_ViewRandomComic - Starting TC_ViewRandomComic
14:00:27.828 [main] INFO  com.moneykeyuser.testCase.TC_ViewRandomComic - Initialised Home Page
14:00:31.608 [main] INFO  com.moneykeyuser.testCase.TC_ViewRandomComic - Clicked on Comic List on the Home Page
14:00:33.904 [main] INFO  com.moneykeyuser.testCase.TC_ViewRandomComic - Clicked on a random comic
14:00:33.922 [main] INFO  com.moneykeyuser.testCase.TC_ViewRandomComic - Captured the title of a Comic Page
14:00:33.923 [main] INFO  com.moneykeyuser.testCase.TC_ViewRandomComic - Finished executing TC_ViewRandomComics
14:00:40.820 [main] INFO  com.moneykeyuser.testCase.TC_VerifyCheckoutPage - Launched Chrome Browser
14:01:02.583 [AsyncHttpClient-1-6] DEBUG io.netty.buffer.PoolThreadCache - Freed 12 thread-local buffer(s) from thread: AsyncHttpClient-1-6
14:01:02.583 [AsyncHttpClient-1-4] DEBUG io.netty.buffer.PoolThreadCache - Freed 10 thread-local buffer(s) from thread: AsyncHttpClient-1-4
14:01:02.583 [AsyncHttpClient-1-3] DEBUG io.netty.buffer.PoolThreadCache - Freed 17 thread-local buffer(s) from thread: AsyncHttpClient-1-3
14:01:02.583 [AsyncHttpClient-1-7] DEBUG io.netty.buffer.PoolThreadCache - Freed 15 thread-local buffer(s) from thread: AsyncHttpClient-1-7
14:01:02.583 [AsyncHttpClient-1-5] DEBUG io.netty.buffer.PoolThreadCache - Freed 12 thread-local buffer(s) from thread: AsyncHttpClient-1-5
14:03:15.885 [main] DEBUG io.netty.util.internal.logging.InternalLoggerFactory - Using Log4J2 as the default logging framework
14:03:15.911 [main] DEBUG io.netty.util.ResourceLeakDetector - -Dio.netty.leakDetection.level: simple
14:03:15.911 [main] DEBUG io.netty.util.ResourceLeakDetector - -Dio.netty.leakDetection.targetRecords: 4
14:03:15.927 [main] DEBUG io.netty.util.ResourceLeakDetectorFactory - Loaded default ResourceLeakDetector: io.netty.util.ResourceLeakDetector@4b29d1d2
14:03:15.989 [main] DEBUG io.netty.util.internal.PlatformDependent - Platform: Windows
14:03:15.989 [main] DEBUG io.netty.util.internal.PlatformDependent0 - -Dio.netty.noUnsafe: false
14:03:15.989 [main] DEBUG io.netty.util.internal.PlatformDependent0 - Java version: 8
14:03:16.005 [main] DEBUG io.netty.util.internal.PlatformDependent0 - sun.misc.Unsafe.theUnsafe: available
14:03:16.005 [main] DEBUG io.netty.util.internal.PlatformDependent0 - sun.misc.Unsafe.copyMemory: available
14:03:16.005 [main] DEBUG io.netty.util.internal.PlatformDependent0 - java.nio.Buffer.address: available
14:03:16.005 [main] DEBUG io.netty.util.internal.PlatformDependent0 - direct buffer constructor: available
14:03:16.005 [main] DEBUG io.netty.util.internal.PlatformDependent0 - java.nio.Bits.unaligned: available, true
14:03:16.005 [main] DEBUG io.netty.util.internal.PlatformDependent0 - jdk.internal.misc.Unsafe.allocateUninitializedArray(int): unavailable prior to Java9
14:03:16.005 [main] DEBUG io.netty.util.internal.PlatformDependent0 - java.nio.DirectByteBuffer.<init>(long, int): available
14:03:16.005 [main] DEBUG io.netty.util.internal.PlatformDependent - sun.misc.Unsafe: available
